Listening for transport dt_socket at address: 8000
14:38:39,534 INFO  ~ Starting /home/dario/git/epas
14:38:40,307 WARN  ~ You're running Play! in DEV mode
14:38:40,415 INFO  ~ Listening for HTTP on port 9000 (Waiting a first request to start) ...
14:38:49,357 INFO  ~ Connected to jdbc:postgresql://127.0.0.1/IIT
14:38:52,048 INFO  ~ Application 'Personnel Attendance Sheet' is now started !
14:38:52,689 DEBUG ~ select nextval ('hibernate_sequence')
14:38:52,725 DEBUG ~ insert into PersonVacation (beginFrom, endTo, id) values (?, ?, ?)
14:38:52,738 DEBUG ~ select nextval ('hibernate_sequence')
14:38:52,740 DEBUG ~ insert into PersonVacation (beginFrom, endTo, id) values (?, ?, ?)
14:38:52,742 DEBUG ~ select nextval ('hibernate_sequence')
14:38:52,744 DEBUG ~ insert into PersonVacation (beginFrom, endTo, id) values (?, ?, ?)
14:38:52,745 DEBUG ~ select nextval ('hibernate_sequence')
14:38:52,747 DEBUG ~ insert into PersonVacation (beginFrom, endTo, id) values (?, ?, ?)
14:38:52,749 DEBUG ~ select nextval ('hibernate_sequence')
14:38:52,750 DEBUG ~ insert into PersonVacation (beginFrom, endTo, id) values (?, ?, ?)
14:38:52,751 DEBUG ~ select nextval ('hibernate_sequence')
14:38:52,753 DEBUG ~ insert into PersonVacation (beginFrom, endTo, id) values (?, ?, ?)
14:38:52,754 DEBUG ~ select nextval ('hibernate_sequence')
14:38:52,755 DEBUG ~ insert into PersonVacation (beginFrom, endTo, id) values (?, ?, ?)
14:38:52,757 DEBUG ~ select nextval ('hibernate_sequence')
14:38:52,759 DEBUG ~ insert into PersonVacation (beginFrom, endTo, id) values (?, ?, ?)
14:38:52,760 DEBUG ~ select nextval ('hibernate_sequence')
14:38:52,762 DEBUG ~ insert into PersonVacation (beginFrom, endTo, id) values (?, ?, ?)
14:38:52,763 DEBUG ~ select nextval ('hibernate_sequence')
14:38:52,764 DEBUG ~ insert into PersonVacation (beginFrom, endTo, id) values (?, ?, ?)
14:38:52,766 DEBUG ~ select nextval ('hibernate_sequence')
14:38:52,767 DEBUG ~ insert into PersonVacation (beginFrom, endTo, id) values (?, ?, ?)
14:38:52,769 DEBUG ~ select nextval ('hibernate_sequence')
14:38:52,770 DEBUG ~ insert into PersonVacation (beginFrom, endTo, id) values (?, ?, ?)
14:38:52,772 DEBUG ~ select nextval ('hibernate_sequence')
14:38:52,773 DEBUG ~ insert into PersonVacation (beginFrom, endTo, id) values (?, ?, ?)
14:38:52,774 DEBUG ~ select nextval ('hibernate_sequence')
14:38:52,776 DEBUG ~ insert into PersonVacation (beginFrom, endTo, id) values (?, ?, ?)
14:38:52,778 DEBUG ~ select nextval ('hibernate_sequence')
14:38:52,779 DEBUG ~ insert into PersonVacation (beginFrom, endTo, id) values (?, ?, ?)
14:38:52,782 DEBUG ~ select nextval ('hibernate_sequence')
14:38:52,784 DEBUG ~ insert into PersonVacation (beginFrom, endTo, id) values (?, ?, ?)
14:38:52,786 DEBUG ~ select nextval ('hibernate_sequence')
14:38:52,787 DEBUG ~ insert into PersonVacation (beginFrom, endTo, id) values (?, ?, ?)
14:38:52,789 DEBUG ~ select nextval ('hibernate_sequence')
14:38:52,791 DEBUG ~ insert into PersonVacation (beginFrom, endTo, id) values (?, ?, ?)
14:38:52,792 DEBUG ~ select nextval ('hibernate_sequence')
14:38:52,794 DEBUG ~ insert into PersonVacation (beginFrom, endTo, id) values (?, ?, ?)
14:38:52,795 DEBUG ~ select nextval ('hibernate_sequence')
14:38:52,797 DEBUG ~ insert into PersonVacation (beginFrom, endTo, id) values (?, ?, ?)
14:38:52,798 DEBUG ~ select nextval ('hibernate_sequence')
14:38:52,800 DEBUG ~ insert into PersonVacation (beginFrom, endTo, id) values (?, ?, ?)
14:38:52,801 DEBUG ~ select nextval ('hibernate_sequence')
14:38:52,803 DEBUG ~ insert into PersonVacation (beginFrom, endTo, id) values (?, ?, ?)
14:38:52,805 DEBUG ~ select nextval ('hibernate_sequence')
14:38:52,807 DEBUG ~ insert into PersonVacation (beginFrom, endTo, id) values (?, ?, ?)
14:38:52,808 DEBUG ~ select nextval ('hibernate_sequence')
14:38:52,810 DEBUG ~ insert into PersonVacation (beginFrom, endTo, id) values (?, ?, ?)
14:38:52,811 DEBUG ~ select nextval ('hibernate_sequence')
14:38:52,813 DEBUG ~ insert into PersonVacation (beginFrom, endTo, id) values (?, ?, ?)
14:38:52,815 DEBUG ~ select nextval ('hibernate_sequence')
14:38:52,817 DEBUG ~ insert into PersonVacation (beginFrom, endTo, id) values (?, ?, ?)
14:38:52,818 DEBUG ~ select nextval ('hibernate_sequence')
14:38:52,820 DEBUG ~ insert into PersonVacation (beginFrom, endTo, id) values (?, ?, ?)
14:38:52,821 DEBUG ~ select nextval ('hibernate_sequence')
14:38:52,823 DEBUG ~ insert into PersonVacation (beginFrom, endTo, id) values (?, ?, ?)
14:38:52,825 DEBUG ~ select nextval ('hibernate_sequence')
14:38:52,827 DEBUG ~ insert into PersonVacation (beginFrom, endTo, id) values (?, ?, ?)
14:38:52,828 DEBUG ~ select nextval ('hibernate_sequence')
14:38:52,830 DEBUG ~ insert into PersonVacation (beginFrom, endTo, id) values (?, ?, ?)
14:38:52,832 DEBUG ~ select nextval ('hibernate_sequence')
14:38:52,833 DEBUG ~ insert into PersonVacation (beginFrom, endTo, id) values (?, ?, ?)
14:38:52,835 DEBUG ~ select nextval ('hibernate_sequence')
14:38:52,837 DEBUG ~ insert into PersonVacation (beginFrom, endTo, id) values (?, ?, ?)
14:38:52,838 DEBUG ~ select nextval ('hibernate_sequence')
14:38:52,840 DEBUG ~ insert into PersonVacation (beginFrom, endTo, id) values (?, ?, ?)
14:38:52,842 DEBUG ~ select nextval ('hibernate_sequence')
14:38:52,843 DEBUG ~ insert into PersonVacation (beginFrom, endTo, id) values (?, ?, ?)
14:38:52,845 DEBUG ~ select nextval ('hibernate_sequence')
14:38:52,846 DEBUG ~ insert into PersonVacation (beginFrom, endTo, id) values (?, ?, ?)
14:38:52,848 DEBUG ~ select nextval ('hibernate_sequence')
14:38:52,850 DEBUG ~ insert into PersonVacation (beginFrom, endTo, id) values (?, ?, ?)
14:38:52,851 DEBUG ~ select nextval ('hibernate_sequence')
14:38:52,853 DEBUG ~ insert into PersonVacation (beginFrom, endTo, id) values (?, ?, ?)
14:38:52,854 DEBUG ~ select nextval ('hibernate_sequence')
14:38:52,856 DEBUG ~ insert into PersonVacation (beginFrom, endTo, id) values (?, ?, ?)
14:38:52,857 DEBUG ~ select nextval ('hibernate_sequence')
14:38:52,859 DEBUG ~ insert into PersonVacation (beginFrom, endTo, id) values (?, ?, ?)
14:38:52,861 DEBUG ~ select nextval ('hibernate_sequence')
14:38:52,863 DEBUG ~ insert into PersonVacation (beginFrom, endTo, id) values (?, ?, ?)
14:38:52,864 DEBUG ~ select nextval ('hibernate_sequence')
14:38:52,872 DEBUG ~ insert into PersonVacation (beginFrom, endTo, id) values (?, ?, ?)
14:38:52,874 DEBUG ~ select nextval ('hibernate_sequence')
14:38:52,877 DEBUG ~ insert into PersonVacation (beginFrom, endTo, id) values (?, ?, ?)
14:38:52,878 DEBUG ~ select nextval ('hibernate_sequence')
14:38:52,880 DEBUG ~ insert into PersonVacation (beginFrom, endTo, id) values (?, ?, ?)
14:38:52,881 DEBUG ~ select nextval ('hibernate_sequence')
14:38:52,883 DEBUG ~ insert into PersonVacation (beginFrom, endTo, id) values (?, ?, ?)
14:38:52,885 DEBUG ~ select nextval ('hibernate_sequence')
14:38:52,886 DEBUG ~ insert into PersonVacation (beginFrom, endTo, id) values (?, ?, ?)
14:38:52,888 DEBUG ~ select nextval ('hibernate_sequence')
14:38:52,890 DEBUG ~ insert into PersonVacation (beginFrom, endTo, id) values (?, ?, ?)
14:38:52,892 DEBUG ~ select nextval ('hibernate_sequence')
14:38:52,894 DEBUG ~ insert into PersonVacation (beginFrom, endTo, id) values (?, ?, ?)
14:38:52,895 DEBUG ~ select nextval ('hibernate_sequence')
14:38:52,897 DEBUG ~ insert into PersonVacation (beginFrom, endTo, id) values (?, ?, ?)
14:38:52,898 DEBUG ~ select nextval ('hibernate_sequence')
14:38:52,900 DEBUG ~ insert into PersonVacation (beginFrom, endTo, id) values (?, ?, ?)
14:38:52,902 DEBUG ~ select nextval ('hibernate_sequence')
14:38:52,904 DEBUG ~ insert into PersonVacation (beginFrom, endTo, id) values (?, ?, ?)
14:38:52,905 DEBUG ~ select nextval ('hibernate_sequence')
14:38:52,907 DEBUG ~ insert into PersonVacation (beginFrom, endTo, id) values (?, ?, ?)
14:38:52,908 DEBUG ~ select nextval ('hibernate_sequence')
14:38:52,911 DEBUG ~ insert into PersonVacation (beginFrom, endTo, id) values (?, ?, ?)
14:38:52,912 DEBUG ~ select nextval ('hibernate_sequence')
14:38:52,914 DEBUG ~ insert into PersonVacation (beginFrom, endTo, id) values (?, ?, ?)
14:38:52,915 DEBUG ~ select nextval ('hibernate_sequence')
14:38:52,917 DEBUG ~ insert into PersonVacation (beginFrom, endTo, id) values (?, ?, ?)
14:38:52,919 DEBUG ~ select nextval ('hibernate_sequence')
14:38:52,921 DEBUG ~ insert into PersonVacation (beginFrom, endTo, id) values (?, ?, ?)
14:38:52,922 DEBUG ~ select nextval ('hibernate_sequence')
14:38:52,925 DEBUG ~ insert into PersonVacation (beginFrom, endTo, id) values (?, ?, ?)
14:38:52,926 DEBUG ~ select nextval ('hibernate_sequence')
14:38:52,928 DEBUG ~ insert into PersonVacation (beginFrom, endTo, id) values (?, ?, ?)
14:38:52,929 DEBUG ~ select nextval ('hibernate_sequence')
14:38:52,931 DEBUG ~ insert into PersonVacation (beginFrom, endTo, id) values (?, ?, ?)
14:38:52,932 DEBUG ~ select nextval ('hibernate_sequence')
14:38:52,934 DEBUG ~ insert into PersonVacation (beginFrom, endTo, id) values (?, ?, ?)
14:38:52,936 DEBUG ~ select nextval ('hibernate_sequence')
14:38:52,938 DEBUG ~ insert into PersonVacation (beginFrom, endTo, id) values (?, ?, ?)
14:38:52,939 DEBUG ~ select nextval ('hibernate_sequence')
14:38:52,941 DEBUG ~ insert into PersonVacation (beginFrom, endTo, id) values (?, ?, ?)
14:38:52,942 DEBUG ~ select nextval ('hibernate_sequence')
14:38:52,944 DEBUG ~ insert into PersonVacation (beginFrom, endTo, id) values (?, ?, ?)
14:38:52,945 DEBUG ~ select nextval ('hibernate_sequence')
14:38:52,948 DEBUG ~ insert into PersonVacation (beginFrom, endTo, id) values (?, ?, ?)
14:38:52,949 DEBUG ~ select nextval ('hibernate_sequence')
14:38:52,951 DEBUG ~ insert into PersonVacation (beginFrom, endTo, id) values (?, ?, ?)
14:38:52,953 DEBUG ~ select nextval ('hibernate_sequence')
14:38:52,956 DEBUG ~ insert into PersonVacation (beginFrom, endTo, id) values (?, ?, ?)
14:38:52,957 DEBUG ~ select nextval ('hibernate_sequence')
14:38:52,959 DEBUG ~ insert into PersonVacation (beginFrom, endTo, id) values (?, ?, ?)
14:38:52,961 DEBUG ~ select nextval ('hibernate_sequence')
14:38:52,963 DEBUG ~ insert into PersonVacation (beginFrom, endTo, id) values (?, ?, ?)
14:38:52,964 DEBUG ~ select nextval ('hibernate_sequence')
14:38:52,965 DEBUG ~ insert into PersonVacation (beginFrom, endTo, id) values (?, ?, ?)
14:38:52,967 DEBUG ~ select nextval ('hibernate_sequence')
14:38:52,968 DEBUG ~ insert into PersonVacation (beginFrom, endTo, id) values (?, ?, ?)
14:38:52,969 DEBUG ~ select nextval ('hibernate_sequence')
14:38:52,971 DEBUG ~ insert into PersonVacation (beginFrom, endTo, id) values (?, ?, ?)
14:38:52,972 DEBUG ~ select nextval ('hibernate_sequence')
14:38:52,974 DEBUG ~ insert into PersonVacation (beginFrom, endTo, id) values (?, ?, ?)
14:38:52,975 DEBUG ~ select nextval ('hibernate_sequence')
14:38:52,976 DEBUG ~ insert into PersonVacation (beginFrom, endTo, id) values (?, ?, ?)
14:38:52,977 DEBUG ~ select nextval ('hibernate_sequence')
14:38:52,979 DEBUG ~ insert into PersonVacation (beginFrom, endTo, id) values (?, ?, ?)
14:38:52,980 DEBUG ~ select nextval ('hibernate_sequence')
14:38:52,981 DEBUG ~ insert into PersonVacation (beginFrom, endTo, id) values (?, ?, ?)
14:38:52,983 DEBUG ~ select nextval ('hibernate_sequence')
14:38:52,984 DEBUG ~ insert into PersonVacation (beginFrom, endTo, id) values (?, ?, ?)
14:38:52,986 DEBUG ~ select nextval ('hibernate_sequence')
14:38:52,987 DEBUG ~ insert into PersonVacation (beginFrom, endTo, id) values (?, ?, ?)
14:38:52,988 DEBUG ~ select nextval ('hibernate_sequence')
14:38:52,990 DEBUG ~ insert into PersonVacation (beginFrom, endTo, id) values (?, ?, ?)
14:38:52,991 DEBUG ~ select nextval ('hibernate_sequence')
14:38:52,992 DEBUG ~ insert into PersonVacation (beginFrom, endTo, id) values (?, ?, ?)
14:38:52,993 DEBUG ~ select nextval ('hibernate_sequence')
14:38:52,995 DEBUG ~ insert into PersonVacation (beginFrom, endTo, id) values (?, ?, ?)
14:38:52,997 DEBUG ~ select nextval ('hibernate_sequence')
14:38:52,998 DEBUG ~ insert into PersonVacation (beginFrom, endTo, id) values (?, ?, ?)
14:38:52,999 DEBUG ~ select nextval ('hibernate_sequence')
14:38:53,001 DEBUG ~ insert into PersonVacation (beginFrom, endTo, id) values (?, ?, ?)
14:38:53,002 DEBUG ~ select nextval ('hibernate_sequence')
14:38:53,004 DEBUG ~ insert into PersonVacation (beginFrom, endTo, id) values (?, ?, ?)
14:38:53,005 DEBUG ~ select nextval ('hibernate_sequence')
14:38:53,006 DEBUG ~ insert into PersonVacation (beginFrom, endTo, id) values (?, ?, ?)
14:38:53,008 DEBUG ~ select nextval ('hibernate_sequence')
14:38:53,009 DEBUG ~ insert into PersonVacation (beginFrom, endTo, id) values (?, ?, ?)
14:38:53,010 DEBUG ~ select nextval ('hibernate_sequence')
14:38:53,012 DEBUG ~ insert into PersonVacation (beginFrom, endTo, id) values (?, ?, ?)
14:38:53,013 DEBUG ~ select nextval ('hibernate_sequence')
14:38:53,015 DEBUG ~ insert into PersonVacation (beginFrom, endTo, id) values (?, ?, ?)
14:38:53,016 DEBUG ~ select nextval ('hibernate_sequence')
14:38:53,017 DEBUG ~ insert into PersonVacation (beginFrom, endTo, id) values (?, ?, ?)
14:38:53,019 DEBUG ~ select nextval ('hibernate_sequence')
14:38:53,020 DEBUG ~ insert into PersonVacation (beginFrom, endTo, id) values (?, ?, ?)
14:38:53,022 DEBUG ~ select nextval ('hibernate_sequence')
14:38:53,023 DEBUG ~ insert into PersonVacation (beginFrom, endTo, id) values (?, ?, ?)
14:38:53,024 DEBUG ~ select nextval ('hibernate_sequence')
14:38:53,026 DEBUG ~ insert into PersonVacation (beginFrom, endTo, id) values (?, ?, ?)
14:38:53,027 DEBUG ~ select nextval ('hibernate_sequence')
14:38:53,029 DEBUG ~ insert into PersonVacation (beginFrom, endTo, id) values (?, ?, ?)
14:38:53,030 DEBUG ~ select nextval ('hibernate_sequence')
14:38:53,032 DEBUG ~ insert into PersonVacation (beginFrom, endTo, id) values (?, ?, ?)
14:38:53,033 DEBUG ~ select nextval ('hibernate_sequence')
14:38:53,035 DEBUG ~ insert into PersonVacation (beginFrom, endTo, id) values (?, ?, ?)
14:38:53,036 DEBUG ~ select nextval ('hibernate_sequence')
14:38:53,038 DEBUG ~ insert into PersonVacation (beginFrom, endTo, id) values (?, ?, ?)
14:38:53,039 DEBUG ~ select nextval ('hibernate_sequence')
14:38:53,041 DEBUG ~ insert into PersonVacation (beginFrom, endTo, id) values (?, ?, ?)
14:38:53,042 DEBUG ~ select nextval ('hibernate_sequence')
14:38:53,044 DEBUG ~ insert into PersonVacation (beginFrom, endTo, id) values (?, ?, ?)
14:38:53,045 DEBUG ~ select nextval ('hibernate_sequence')
14:38:53,046 DEBUG ~ insert into PersonVacation (beginFrom, endTo, id) values (?, ?, ?)
14:38:53,048 DEBUG ~ select nextval ('hibernate_sequence')
14:38:53,049 DEBUG ~ insert into PersonVacation (beginFrom, endTo, id) values (?, ?, ?)
14:38:53,050 DEBUG ~ select nextval ('hibernate_sequence')
14:38:53,052 DEBUG ~ insert into PersonVacation (beginFrom, endTo, id) values (?, ?, ?)
14:38:53,053 DEBUG ~ select nextval ('hibernate_sequence')
14:38:53,055 DEBUG ~ insert into PersonVacation (beginFrom, endTo, id) values (?, ?, ?)
14:38:53,056 DEBUG ~ select nextval ('hibernate_sequence')
14:38:53,057 DEBUG ~ insert into PersonVacation (beginFrom, endTo, id) values (?, ?, ?)
14:38:53,058 DEBUG ~ select nextval ('hibernate_sequence')
14:38:53,060 DEBUG ~ insert into PersonVacation (beginFrom, endTo, id) values (?, ?, ?)
14:38:53,061 DEBUG ~ select nextval ('hibernate_sequence')
14:38:53,063 DEBUG ~ insert into PersonVacation (beginFrom, endTo, id) values (?, ?, ?)
14:38:53,064 DEBUG ~ select nextval ('hibernate_sequence')
14:38:53,066 DEBUG ~ insert into PersonVacation (beginFrom, endTo, id) values (?, ?, ?)
14:38:53,067 DEBUG ~ select nextval ('hibernate_sequence')
14:38:53,069 DEBUG ~ insert into PersonVacation (beginFrom, endTo, id) values (?, ?, ?)
14:38:53,070 DEBUG ~ select nextval ('hibernate_sequence')
14:38:53,072 DEBUG ~ insert into PersonVacation (beginFrom, endTo, id) values (?, ?, ?)
14:38:53,073 DEBUG ~ select nextval ('hibernate_sequence')
14:38:53,074 DEBUG ~ insert into PersonVacation (beginFrom, endTo, id) values (?, ?, ?)
14:38:53,076 DEBUG ~ select nextval ('hibernate_sequence')
14:38:53,077 DEBUG ~ insert into PersonVacation (beginFrom, endTo, id) values (?, ?, ?)
14:38:53,079 DEBUG ~ select nextval ('hibernate_sequence')
14:38:53,080 DEBUG ~ insert into PersonVacation (beginFrom, endTo, id) values (?, ?, ?)
14:38:53,082 DEBUG ~ select nextval ('hibernate_sequence')
14:38:53,083 DEBUG ~ insert into PersonVacation (beginFrom, endTo, id) values (?, ?, ?)
14:38:53,084 DEBUG ~ select nextval ('hibernate_sequence')
14:38:53,086 DEBUG ~ insert into PersonVacation (beginFrom, endTo, id) values (?, ?, ?)
14:38:53,087 DEBUG ~ select nextval ('hibernate_sequence')
14:38:53,089 DEBUG ~ insert into PersonVacation (beginFrom, endTo, id) values (?, ?, ?)
14:38:53,090 DEBUG ~ select nextval ('hibernate_sequence')
14:38:53,092 DEBUG ~ insert into PersonVacation (beginFrom, endTo, id) values (?, ?, ?)
14:38:53,093 DEBUG ~ select nextval ('hibernate_sequence')
14:38:53,095 DEBUG ~ insert into PersonVacation (beginFrom, endTo, id) values (?, ?, ?)
14:38:53,096 DEBUG ~ select nextval ('hibernate_sequence')
14:38:53,098 DEBUG ~ insert into PersonVacation (beginFrom, endTo, id) values (?, ?, ?)
14:38:53,099 DEBUG ~ select nextval ('hibernate_sequence')
14:38:53,100 DEBUG ~ insert into PersonVacation (beginFrom, endTo, id) values (?, ?, ?)
14:38:53,101 DEBUG ~ select nextval ('hibernate_sequence')
14:38:53,103 DEBUG ~ insert into PersonVacation (beginFrom, endTo, id) values (?, ?, ?)
14:38:53,104 DEBUG ~ select nextval ('hibernate_sequence')
14:38:53,106 DEBUG ~ insert into PersonVacation (beginFrom, endTo, id) values (?, ?, ?)
14:38:53,107 DEBUG ~ select nextval ('hibernate_sequence')
14:38:53,109 DEBUG ~ insert into PersonVacation (beginFrom, endTo, id) values (?, ?, ?)
14:38:53,110 DEBUG ~ select nextval ('hibernate_sequence')
14:38:53,111 DEBUG ~ insert into PersonVacation (beginFrom, endTo, id) values (?, ?, ?)
14:38:53,112 DEBUG ~ select nextval ('hibernate_sequence')
14:38:53,114 DEBUG ~ insert into PersonVacation (beginFrom, endTo, id) values (?, ?, ?)
14:38:53,115 DEBUG ~ select nextval ('hibernate_sequence')
14:38:53,117 DEBUG ~ insert into PersonVacation (beginFrom, endTo, id) values (?, ?, ?)
14:38:53,118 DEBUG ~ select nextval ('hibernate_sequence')
14:38:53,119 DEBUG ~ insert into PersonVacation (beginFrom, endTo, id) values (?, ?, ?)
14:38:53,120 DEBUG ~ select nextval ('hibernate_sequence')
14:38:53,122 DEBUG ~ insert into PersonVacation (beginFrom, endTo, id) values (?, ?, ?)
14:38:53,123 DEBUG ~ select nextval ('hibernate_sequence')
14:38:53,125 DEBUG ~ insert into PersonVacation (beginFrom, endTo, id) values (?, ?, ?)
14:38:53,126 DEBUG ~ select nextval ('hibernate_sequence')
14:38:53,128 DEBUG ~ insert into PersonVacation (beginFrom, endTo, id) values (?, ?, ?)
14:38:53,129 DEBUG ~ select nextval ('hibernate_sequence')
14:38:53,131 DEBUG ~ insert into PersonVacation (beginFrom, endTo, id) values (?, ?, ?)
14:38:53,132 DEBUG ~ select nextval ('hibernate_sequence')
14:38:53,133 DEBUG ~ insert into PersonVacation (beginFrom, endTo, id) values (?, ?, ?)
14:38:53,135 DEBUG ~ select nextval ('hibernate_sequence')
14:38:53,136 DEBUG ~ insert into PersonVacation (beginFrom, endTo, id) values (?, ?, ?)
14:38:53,137 DEBUG ~ select nextval ('hibernate_sequence')
14:38:53,139 DEBUG ~ insert into PersonVacation (beginFrom, endTo, id) values (?, ?, ?)
14:38:53,140 DEBUG ~ select nextval ('hibernate_sequence')
14:38:53,142 DEBUG ~ insert into PersonVacation (beginFrom, endTo, id) values (?, ?, ?)
14:38:53,143 DEBUG ~ select nextval ('hibernate_sequence')
14:38:53,145 DEBUG ~ insert into PersonVacation (beginFrom, endTo, id) values (?, ?, ?)
14:38:53,146 DEBUG ~ select nextval ('hibernate_sequence')
14:38:53,148 DEBUG ~ insert into PersonVacation (beginFrom, endTo, id) values (?, ?, ?)
14:38:53,149 DEBUG ~ select nextval ('hibernate_sequence')
14:38:53,151 DEBUG ~ insert into PersonVacation (beginFrom, endTo, id) values (?, ?, ?)
14:38:53,152 DEBUG ~ select nextval ('hibernate_sequence')
14:38:53,154 DEBUG ~ insert into PersonVacation (beginFrom, endTo, id) values (?, ?, ?)
14:38:53,155 DEBUG ~ select nextval ('hibernate_sequence')
14:38:53,157 DEBUG ~ insert into PersonVacation (beginFrom, endTo, id) values (?, ?, ?)
14:50:51,901 DEBUG ~ select nextval ('hibernate_sequence')
14:50:51,903 DEBUG ~ insert into persons (bornDate, contract_level, email, name, number, surname, id) values (?, ?, ?, ?, ?, ?, ?)
14:50:51,915 DEBUG ~ select nextval ('hibernate_sequence')
14:50:51,916 DEBUG ~ insert into persons (bornDate, contract_level, email, name, number, surname, id) values (?, ?, ?, ?, ?, ?, ?)
14:50:51,917 DEBUG ~ select nextval ('hibernate_sequence')
14:50:51,921 DEBUG ~ insert into persons (bornDate, contract_level, email, name, number, surname, id) values (?, ?, ?, ?, ?, ?, ?)
14:50:51,922 DEBUG ~ select nextval ('hibernate_sequence')
14:50:51,924 DEBUG ~ insert into persons (bornDate, contract_level, email, name, number, surname, id) values (?, ?, ?, ?, ?, ?, ?)
14:50:51,926 DEBUG ~ select nextval ('hibernate_sequence')
14:50:51,927 DEBUG ~ insert into persons (bornDate, contract_level, email, name, number, surname, id) values (?, ?, ?, ?, ?, ?, ?)
14:50:51,929 DEBUG ~ select nextval ('hibernate_sequence')
14:50:51,930 DEBUG ~ insert into persons (bornDate, contract_level, email, name, number, surname, id) values (?, ?, ?, ?, ?, ?, ?)
14:50:51,931 DEBUG ~ select nextval ('hibernate_sequence')
14:50:51,932 DEBUG ~ insert into persons (bornDate, contract_level, email, name, number, surname, id) values (?, ?, ?, ?, ?, ?, ?)
14:50:51,934 DEBUG ~ select nextval ('hibernate_sequence')
14:50:51,935 DEBUG ~ insert into persons (bornDate, contract_level, email, name, number, surname, id) values (?, ?, ?, ?, ?, ?, ?)
14:50:51,936 DEBUG ~ select nextval ('hibernate_sequence')
14:50:51,937 DEBUG ~ insert into persons (bornDate, contract_level, email, name, number, surname, id) values (?, ?, ?, ?, ?, ?, ?)
14:50:51,938 DEBUG ~ select nextval ('hibernate_sequence')
14:50:51,939 DEBUG ~ insert into persons (bornDate, contract_level, email, name, number, surname, id) values (?, ?, ?, ?, ?, ?, ?)
14:50:51,940 DEBUG ~ select nextval ('hibernate_sequence')
14:50:51,942 DEBUG ~ insert into persons (bornDate, contract_level, email, name, number, surname, id) values (?, ?, ?, ?, ?, ?, ?)
14:50:51,943 DEBUG ~ select nextval ('hibernate_sequence')
14:50:51,944 DEBUG ~ insert into persons (bornDate, contract_level, email, name, number, surname, id) values (?, ?, ?, ?, ?, ?, ?)
14:50:51,945 DEBUG ~ select nextval ('hibernate_sequence')
14:50:51,946 DEBUG ~ insert into persons (bornDate, contract_level, email, name, number, surname, id) values (?, ?, ?, ?, ?, ?, ?)
14:50:51,948 DEBUG ~ select nextval ('hibernate_sequence')
14:50:51,949 DEBUG ~ insert into persons (bornDate, contract_level, email, name, number, surname, id) values (?, ?, ?, ?, ?, ?, ?)
14:50:51,950 DEBUG ~ select nextval ('hibernate_sequence')
14:50:51,951 DEBUG ~ insert into persons (bornDate, contract_level, email, name, number, surname, id) values (?, ?, ?, ?, ?, ?, ?)
14:50:51,954 DEBUG ~ select nextval ('hibernate_sequence')
14:50:51,955 DEBUG ~ insert into persons (bornDate, contract_level, email, name, number, surname, id) values (?, ?, ?, ?, ?, ?, ?)
14:50:51,957 DEBUG ~ select nextval ('hibernate_sequence')
14:50:51,958 DEBUG ~ insert into persons (bornDate, contract_level, email, name, number, surname, id) values (?, ?, ?, ?, ?, ?, ?)
14:50:51,959 DEBUG ~ select nextval ('hibernate_sequence')
14:50:51,960 DEBUG ~ insert into persons (bornDate, contract_level, email, name, number, surname, id) values (?, ?, ?, ?, ?, ?, ?)
14:50:51,961 DEBUG ~ select nextval ('hibernate_sequence')
14:50:51,962 DEBUG ~ insert into persons (bornDate, contract_level, email, name, number, surname, id) values (?, ?, ?, ?, ?, ?, ?)
14:50:51,963 DEBUG ~ select nextval ('hibernate_sequence')
14:50:51,965 DEBUG ~ insert into persons (bornDate, contract_level, email, name, number, surname, id) values (?, ?, ?, ?, ?, ?, ?)
14:50:51,966 DEBUG ~ select nextval ('hibernate_sequence')
14:50:51,967 DEBUG ~ insert into persons (bornDate, contract_level, email, name, number, surname, id) values (?, ?, ?, ?, ?, ?, ?)
14:50:51,968 DEBUG ~ select nextval ('hibernate_sequence')
14:50:51,969 DEBUG ~ insert into persons (bornDate, contract_level, email, name, number, surname, id) values (?, ?, ?, ?, ?, ?, ?)
14:50:51,971 DEBUG ~ select nextval ('hibernate_sequence')
14:50:51,972 DEBUG ~ insert into persons (bornDate, contract_level, email, name, number, surname, id) values (?, ?, ?, ?, ?, ?, ?)
14:50:51,974 DEBUG ~ select nextval ('hibernate_sequence')
14:50:51,975 DEBUG ~ insert into persons (bornDate, contract_level, email, name, number, surname, id) values (?, ?, ?, ?, ?, ?, ?)
14:50:51,976 DEBUG ~ select nextval ('hibernate_sequence')
14:50:51,977 DEBUG ~ insert into persons (bornDate, contract_level, email, name, number, surname, id) values (?, ?, ?, ?, ?, ?, ?)
14:50:51,978 DEBUG ~ select nextval ('hibernate_sequence')
14:50:51,979 DEBUG ~ insert into persons (bornDate, contract_level, email, name, number, surname, id) values (?, ?, ?, ?, ?, ?, ?)
14:50:51,980 DEBUG ~ select nextval ('hibernate_sequence')
14:50:51,981 DEBUG ~ insert into persons (bornDate, contract_level, email, name, number, surname, id) values (?, ?, ?, ?, ?, ?, ?)
14:50:51,983 DEBUG ~ select nextval ('hibernate_sequence')
14:50:51,985 DEBUG ~ insert into persons (bornDate, contract_level, email, name, number, surname, id) values (?, ?, ?, ?, ?, ?, ?)
14:50:51,987 DEBUG ~ select nextval ('hibernate_sequence')
14:50:51,988 DEBUG ~ insert into persons (bornDate, contract_level, email, name, number, surname, id) values (?, ?, ?, ?, ?, ?, ?)
14:50:51,989 DEBUG ~ select nextval ('hibernate_sequence')
14:50:51,990 DEBUG ~ insert into persons (bornDate, contract_level, email, name, number, surname, id) values (?, ?, ?, ?, ?, ?, ?)
14:50:51,991 DEBUG ~ select nextval ('hibernate_sequence')
14:50:51,992 DEBUG ~ insert into persons (bornDate, contract_level, email, name, number, surname, id) values (?, ?, ?, ?, ?, ?, ?)
14:50:51,993 DEBUG ~ select nextval ('hibernate_sequence')
14:50:51,995 DEBUG ~ insert into persons (bornDate, contract_level, email, name, number, surname, id) values (?, ?, ?, ?, ?, ?, ?)
14:50:51,996 DEBUG ~ select nextval ('hibernate_sequence')
14:50:51,997 DEBUG ~ insert into persons (bornDate, contract_level, email, name, number, surname, id) values (?, ?, ?, ?, ?, ?, ?)
14:50:51,998 DEBUG ~ select nextval ('hibernate_sequence')
14:50:51,999 DEBUG ~ insert into persons (bornDate, contract_level, email, name, number, surname, id) values (?, ?, ?, ?, ?, ?, ?)
14:50:52,001 DEBUG ~ select nextval ('hibernate_sequence')
14:50:52,002 DEBUG ~ insert into persons (bornDate, contract_level, email, name, number, surname, id) values (?, ?, ?, ?, ?, ?, ?)
14:50:52,003 DEBUG ~ select nextval ('hibernate_sequence')
14:50:52,004 DEBUG ~ insert into persons (bornDate, contract_level, email, name, number, surname, id) values (?, ?, ?, ?, ?, ?, ?)
14:50:52,005 DEBUG ~ select nextval ('hibernate_sequence')
14:50:52,007 DEBUG ~ insert into persons (bornDate, contract_level, email, name, number, surname, id) values (?, ?, ?, ?, ?, ?, ?)
14:50:52,008 DEBUG ~ select nextval ('hibernate_sequence')
14:50:52,009 DEBUG ~ insert into persons (bornDate, contract_level, email, name, number, surname, id) values (?, ?, ?, ?, ?, ?, ?)
14:50:52,010 DEBUG ~ select nextval ('hibernate_sequence')
14:50:52,012 DEBUG ~ insert into persons (bornDate, contract_level, email, name, number, surname, id) values (?, ?, ?, ?, ?, ?, ?)
14:50:52,013 DEBUG ~ select nextval ('hibernate_sequence')
14:50:52,014 DEBUG ~ insert into persons (bornDate, contract_level, email, name, number, surname, id) values (?, ?, ?, ?, ?, ?, ?)
14:50:52,015 DEBUG ~ select nextval ('hibernate_sequence')
14:50:52,016 DEBUG ~ insert into persons (bornDate, contract_level, email, name, number, surname, id) values (?, ?, ?, ?, ?, ?, ?)
14:50:52,017 DEBUG ~ select nextval ('hibernate_sequence')
14:50:52,019 DEBUG ~ insert into persons (bornDate, contract_level, email, name, number, surname, id) values (?, ?, ?, ?, ?, ?, ?)
14:50:52,020 DEBUG ~ select nextval ('hibernate_sequence')
14:50:52,022 DEBUG ~ insert into persons (bornDate, contract_level, email, name, number, surname, id) values (?, ?, ?, ?, ?, ?, ?)
14:50:52,023 DEBUG ~ select nextval ('hibernate_sequence')
14:50:52,024 DEBUG ~ insert into persons (bornDate, contract_level, email, name, number, surname, id) values (?, ?, ?, ?, ?, ?, ?)
14:50:52,025 DEBUG ~ select nextval ('hibernate_sequence')
14:50:52,027 DEBUG ~ insert into persons (bornDate, contract_level, email, name, number, surname, id) values (?, ?, ?, ?, ?, ?, ?)
14:50:52,028 DEBUG ~ select nextval ('hibernate_sequence')
14:50:52,029 DEBUG ~ insert into persons (bornDate, contract_level, email, name, number, surname, id) values (?, ?, ?, ?, ?, ?, ?)
14:50:52,030 DEBUG ~ select nextval ('hibernate_sequence')
14:50:52,031 DEBUG ~ insert into persons (bornDate, contract_level, email, name, number, surname, id) values (?, ?, ?, ?, ?, ?, ?)
14:50:52,033 DEBUG ~ select nextval ('hibernate_sequence')
14:50:52,034 DEBUG ~ insert into persons (bornDate, contract_level, email, name, number, surname, id) values (?, ?, ?, ?, ?, ?, ?)
14:50:52,036 DEBUG ~ select nextval ('hibernate_sequence')
14:50:52,037 DEBUG ~ insert into persons (bornDate, contract_level, email, name, number, surname, id) values (?, ?, ?, ?, ?, ?, ?)
14:50:52,038 DEBUG ~ select nextval ('hibernate_sequence')
14:50:52,039 DEBUG ~ insert into persons (bornDate, contract_level, email, name, number, surname, id) values (?, ?, ?, ?, ?, ?, ?)
14:50:52,041 DEBUG ~ select nextval ('hibernate_sequence')
14:50:52,042 DEBUG ~ insert into persons (bornDate, contract_level, email, name, number, surname, id) values (?, ?, ?, ?, ?, ?, ?)
14:50:52,043 DEBUG ~ select nextval ('hibernate_sequence')
14:50:52,044 DEBUG ~ insert into persons (bornDate, contract_level, email, name, number, surname, id) values (?, ?, ?, ?, ?, ?, ?)
14:50:52,046 DEBUG ~ select nextval ('hibernate_sequence')
14:50:52,047 DEBUG ~ insert into persons (bornDate, contract_level, email, name, number, surname, id) values (?, ?, ?, ?, ?, ?, ?)
14:50:52,048 DEBUG ~ select nextval ('hibernate_sequence')
14:50:52,049 DEBUG ~ insert into persons (bornDate, contract_level, email, name, number, surname, id) values (?, ?, ?, ?, ?, ?, ?)
14:50:52,051 DEBUG ~ select nextval ('hibernate_sequence')
14:50:52,052 DEBUG ~ insert into persons (bornDate, contract_level, email, name, number, surname, id) values (?, ?, ?, ?, ?, ?, ?)
14:50:52,062 DEBUG ~ select nextval ('hibernate_sequence')
14:50:52,064 DEBUG ~ insert into persons (bornDate, contract_level, email, name, number, surname, id) values (?, ?, ?, ?, ?, ?, ?)
14:50:52,065 DEBUG ~ select nextval ('hibernate_sequence')
14:50:52,067 DEBUG ~ insert into persons (bornDate, contract_level, email, name, number, surname, id) values (?, ?, ?, ?, ?, ?, ?)
14:50:52,069 DEBUG ~ select nextval ('hibernate_sequence')
14:50:52,070 DEBUG ~ insert into persons (bornDate, contract_level, email, name, number, surname, id) values (?, ?, ?, ?, ?, ?, ?)
14:50:52,071 DEBUG ~ select nextval ('hibernate_sequence')
14:50:52,073 DEBUG ~ insert into persons (bornDate, contract_level, email, name, number, surname, id) values (?, ?, ?, ?, ?, ?, ?)
14:50:52,074 DEBUG ~ select nextval ('hibernate_sequence')
14:50:52,075 DEBUG ~ insert into persons (bornDate, contract_level, email, name, number, surname, id) values (?, ?, ?, ?, ?, ?, ?)
14:50:52,076 DEBUG ~ select nextval ('hibernate_sequence')
14:50:52,078 DEBUG ~ insert into persons (bornDate, contract_level, email, name, number, surname, id) values (?, ?, ?, ?, ?, ?, ?)
14:50:52,089 DEBUG ~ select nextval ('hibernate_sequence')
14:50:52,091 DEBUG ~ insert into persons (bornDate, contract_level, email, name, number, surname, id) values (?, ?, ?, ?, ?, ?, ?)
14:50:52,092 DEBUG ~ select nextval ('hibernate_sequence')
14:50:52,096 DEBUG ~ insert into persons (bornDate, contract_level, email, name, number, surname, id) values (?, ?, ?, ?, ?, ?, ?)
14:50:52,098 DEBUG ~ select nextval ('hibernate_sequence')
14:50:52,099 DEBUG ~ insert into persons (bornDate, contract_level, email, name, number, surname, id) values (?, ?, ?, ?, ?, ?, ?)
14:50:52,100 DEBUG ~ select nextval ('hibernate_sequence')
14:50:52,102 DEBUG ~ insert into persons (bornDate, contract_level, email, name, number, surname, id) values (?, ?, ?, ?, ?, ?, ?)
14:50:52,103 DEBUG ~ select nextval ('hibernate_sequence')
14:50:52,104 DEBUG ~ insert into persons (bornDate, contract_level, email, name, number, surname, id) values (?, ?, ?, ?, ?, ?, ?)
14:50:52,105 DEBUG ~ select nextval ('hibernate_sequence')
14:50:52,106 DEBUG ~ insert into persons (bornDate, contract_level, email, name, number, surname, id) values (?, ?, ?, ?, ?, ?, ?)
14:50:52,107 DEBUG ~ select nextval ('hibernate_sequence')
14:50:52,111 DEBUG ~ insert into persons (bornDate, contract_level, email, name, number, surname, id) values (?, ?, ?, ?, ?, ?, ?)
14:50:52,113 DEBUG ~ select nextval ('hibernate_sequence')
14:50:52,116 DEBUG ~ insert into persons (bornDate, contract_level, email, name, number, surname, id) values (?, ?, ?, ?, ?, ?, ?)
14:50:52,117 DEBUG ~ select nextval ('hibernate_sequence')
14:50:52,119 DEBUG ~ insert into persons (bornDate, contract_level, email, name, number, surname, id) values (?, ?, ?, ?, ?, ?, ?)
14:50:52,121 DEBUG ~ select nextval ('hibernate_sequence')
14:50:52,122 DEBUG ~ insert into persons (bornDate, contract_level, email, name, number, surname, id) values (?, ?, ?, ?, ?, ?, ?)
14:50:52,123 DEBUG ~ select nextval ('hibernate_sequence')
14:50:52,125 DEBUG ~ insert into persons (bornDate, contract_level, email, name, number, surname, id) values (?, ?, ?, ?, ?, ?, ?)
14:50:52,126 DEBUG ~ select nextval ('hibernate_sequence')
14:50:52,127 DEBUG ~ insert into persons (bornDate, contract_level, email, name, number, surname, id) values (?, ?, ?, ?, ?, ?, ?)
14:50:52,128 DEBUG ~ select nextval ('hibernate_sequence')
14:50:52,130 DEBUG ~ insert into persons (bornDate, contract_level, email, name, number, surname, id) values (?, ?, ?, ?, ?, ?, ?)
14:50:52,131 DEBUG ~ select nextval ('hibernate_sequence')
14:50:52,132 DEBUG ~ insert into persons (bornDate, contract_level, email, name, number, surname, id) values (?, ?, ?, ?, ?, ?, ?)
14:50:52,134 DEBUG ~ select nextval ('hibernate_sequence')
14:50:52,135 DEBUG ~ insert into persons (bornDate, contract_level, email, name, number, surname, id) values (?, ?, ?, ?, ?, ?, ?)
14:50:52,136 DEBUG ~ select nextval ('hibernate_sequence')
14:50:52,138 DEBUG ~ insert into persons (bornDate, contract_level, email, name, number, surname, id) values (?, ?, ?, ?, ?, ?, ?)
14:50:52,139 DEBUG ~ select nextval ('hibernate_sequence')
14:50:52,140 DEBUG ~ insert into persons (bornDate, contract_level, email, name, number, surname, id) values (?, ?, ?, ?, ?, ?, ?)
14:50:52,142 DEBUG ~ select nextval ('hibernate_sequence')
14:50:52,144 DEBUG ~ insert into persons (bornDate, contract_level, email, name, number, surname, id) values (?, ?, ?, ?, ?, ?, ?)
14:50:52,145 DEBUG ~ select nextval ('hibernate_sequence')
14:50:52,146 DEBUG ~ insert into persons (bornDate, contract_level, email, name, number, surname, id) values (?, ?, ?, ?, ?, ?, ?)
14:50:52,148 DEBUG ~ select nextval ('hibernate_sequence')
14:50:52,149 DEBUG ~ insert into persons (bornDate, contract_level, email, name, number, surname, id) values (?, ?, ?, ?, ?, ?, ?)
14:50:52,150 DEBUG ~ select nextval ('hibernate_sequence')
14:50:52,152 DEBUG ~ insert into persons (bornDate, contract_level, email, name, number, surname, id) values (?, ?, ?, ?, ?, ?, ?)
14:50:52,154 DEBUG ~ select nextval ('hibernate_sequence')
14:50:52,155 DEBUG ~ insert into persons (bornDate, contract_level, email, name, number, surname, id) values (?, ?, ?, ?, ?, ?, ?)
14:50:52,157 DEBUG ~ select nextval ('hibernate_sequence')
14:50:52,158 DEBUG ~ insert into persons (bornDate, contract_level, email, name, number, surname, id) values (?, ?, ?, ?, ?, ?, ?)
14:50:52,159 DEBUG ~ select nextval ('hibernate_sequence')
14:50:52,161 DEBUG ~ insert into persons (bornDate, contract_level, email, name, number, surname, id) values (?, ?, ?, ?, ?, ?, ?)
14:50:52,162 DEBUG ~ select nextval ('hibernate_sequence')
14:50:52,164 DEBUG ~ insert into persons (bornDate, contract_level, email, name, number, surname, id) values (?, ?, ?, ?, ?, ?, ?)
14:50:52,165 DEBUG ~ select nextval ('hibernate_sequence')
14:50:52,166 DEBUG ~ insert into persons (bornDate, contract_level, email, name, number, surname, id) values (?, ?, ?, ?, ?, ?, ?)
14:50:52,167 DEBUG ~ select nextval ('hibernate_sequence')
14:50:52,169 DEBUG ~ insert into persons (bornDate, contract_level, email, name, number, surname, id) values (?, ?, ?, ?, ?, ?, ?)
14:50:52,170 DEBUG ~ select nextval ('hibernate_sequence')
14:50:52,172 DEBUG ~ insert into persons (bornDate, contract_level, email, name, number, surname, id) values (?, ?, ?, ?, ?, ?, ?)
14:50:52,173 DEBUG ~ select nextval ('hibernate_sequence')
14:50:52,174 DEBUG ~ insert into persons (bornDate, contract_level, email, name, number, surname, id) values (?, ?, ?, ?, ?, ?, ?)
14:50:52,175 DEBUG ~ select nextval ('hibernate_sequence')
14:50:52,177 DEBUG ~ insert into persons (bornDate, contract_level, email, name, number, surname, id) values (?, ?, ?, ?, ?, ?, ?)
14:50:52,178 DEBUG ~ select nextval ('hibernate_sequence')
14:50:52,180 DEBUG ~ insert into persons (bornDate, contract_level, email, name, number, surname, id) values (?, ?, ?, ?, ?, ?, ?)
14:50:52,181 DEBUG ~ select nextval ('hibernate_sequence')
14:50:52,183 DEBUG ~ insert into persons (bornDate, contract_level, email, name, number, surname, id) values (?, ?, ?, ?, ?, ?, ?)
14:50:52,184 DEBUG ~ select nextval ('hibernate_sequence')
14:50:52,186 DEBUG ~ insert into persons (bornDate, contract_level, email, name, number, surname, id) values (?, ?, ?, ?, ?, ?, ?)
14:50:52,187 DEBUG ~ select nextval ('hibernate_sequence')
14:50:52,189 DEBUG ~ insert into persons (bornDate, contract_level, email, name, number, surname, id) values (?, ?, ?, ?, ?, ?, ?)
14:50:52,190 DEBUG ~ select nextval ('hibernate_sequence')
14:50:52,192 DEBUG ~ insert into persons (bornDate, contract_level, email, name, number, surname, id) values (?, ?, ?, ?, ?, ?, ?)
14:50:52,193 DEBUG ~ select nextval ('hibernate_sequence')
14:50:52,195 DEBUG ~ insert into persons (bornDate, contract_level, email, name, number, surname, id) values (?, ?, ?, ?, ?, ?, ?)
14:50:52,196 DEBUG ~ select nextval ('hibernate_sequence')
14:50:52,197 DEBUG ~ insert into persons (bornDate, contract_level, email, name, number, surname, id) values (?, ?, ?, ?, ?, ?, ?)
14:50:52,199 DEBUG ~ select nextval ('hibernate_sequence')
14:50:52,200 DEBUG ~ insert into persons (bornDate, contract_level, email, name, number, surname, id) values (?, ?, ?, ?, ?, ?, ?)
14:50:52,201 DEBUG ~ select nextval ('hibernate_sequence')
14:50:52,203 DEBUG ~ insert into persons (bornDate, contract_level, email, name, number, surname, id) values (?, ?, ?, ?, ?, ?, ?)
14:50:52,204 DEBUG ~ select nextval ('hibernate_sequence')
14:50:52,206 DEBUG ~ insert into persons (bornDate, contract_level, email, name, number, surname, id) values (?, ?, ?, ?, ?, ?, ?)
14:50:52,207 DEBUG ~ select nextval ('hibernate_sequence')
14:50:52,208 DEBUG ~ insert into persons (bornDate, contract_level, email, name, number, surname, id) values (?, ?, ?, ?, ?, ?, ?)
14:50:52,209 DEBUG ~ select nextval ('hibernate_sequence')
14:50:52,211 DEBUG ~ insert into persons (bornDate, contract_level, email, name, number, surname, id) values (?, ?, ?, ?, ?, ?, ?)
14:50:52,212 DEBUG ~ select nextval ('hibernate_sequence')
14:50:52,214 DEBUG ~ insert into persons (bornDate, contract_level, email, name, number, surname, id) values (?, ?, ?, ?, ?, ?, ?)
14:50:52,215 DEBUG ~ select nextval ('hibernate_sequence')
14:50:52,217 DEBUG ~ insert into persons (bornDate, contract_level, email, name, number, surname, id) values (?, ?, ?, ?, ?, ?, ?)
14:50:52,218 DEBUG ~ select nextval ('hibernate_sequence')
14:50:52,219 DEBUG ~ insert into persons (bornDate, contract_level, email, name, number, surname, id) values (?, ?, ?, ?, ?, ?, ?)
14:50:52,221 DEBUG ~ select nextval ('hibernate_sequence')
14:50:52,222 DEBUG ~ insert into persons (bornDate, contract_level, email, name, number, surname, id) values (?, ?, ?, ?, ?, ?, ?)
14:50:52,223 DEBUG ~ select nextval ('hibernate_sequence')
14:50:52,225 DEBUG ~ insert into persons (bornDate, contract_level, email, name, number, surname, id) values (?, ?, ?, ?, ?, ?, ?)
14:50:52,226 DEBUG ~ select nextval ('hibernate_sequence')
14:50:52,228 DEBUG ~ insert into persons (bornDate, contract_level, email, name, number, surname, id) values (?, ?, ?, ?, ?, ?, ?)
14:50:52,229 DEBUG ~ select nextval ('hibernate_sequence')
14:50:52,231 DEBUG ~ insert into persons (bornDate, contract_level, email, name, number, surname, id) values (?, ?, ?, ?, ?, ?, ?)
14:50:52,232 DEBUG ~ select nextval ('hibernate_sequence')
14:50:52,234 DEBUG ~ insert into persons (bornDate, contract_level, email, name, number, surname, id) values (?, ?, ?, ?, ?, ?, ?)
14:50:52,236 DEBUG ~ select nextval ('hibernate_sequence')
14:50:52,238 DEBUG ~ insert into persons (bornDate, contract_level, email, name, number, surname, id) values (?, ?, ?, ?, ?, ?, ?)
14:50:52,239 DEBUG ~ select nextval ('hibernate_sequence')
14:50:52,240 DEBUG ~ insert into persons (bornDate, contract_level, email, name, number, surname, id) values (?, ?, ?, ?, ?, ?, ?)
14:50:52,241 DEBUG ~ select nextval ('hibernate_sequence')
14:50:52,244 DEBUG ~ insert into persons (bornDate, contract_level, email, name, number, surname, id) values (?, ?, ?, ?, ?, ?, ?)
14:50:52,245 DEBUG ~ select nextval ('hibernate_sequence')
14:50:52,247 DEBUG ~ insert into persons (bornDate, contract_level, email, name, number, surname, id) values (?, ?, ?, ?, ?, ?, ?)
14:50:52,248 DEBUG ~ select nextval ('hibernate_sequence')
14:50:52,250 DEBUG ~ insert into persons (bornDate, contract_level, email, name, number, surname, id) values (?, ?, ?, ?, ?, ?, ?)
14:50:52,251 DEBUG ~ select nextval ('hibernate_sequence')
14:50:52,253 DEBUG ~ insert into persons (bornDate, contract_level, email, name, number, surname, id) values (?, ?, ?, ?, ?, ?, ?)
14:50:52,255 DEBUG ~ select nextval ('hibernate_sequence')
14:50:52,256 DEBUG ~ insert into persons (bornDate, contract_level, email, name, number, surname, id) values (?, ?, ?, ?, ?, ?, ?)
14:50:52,258 DEBUG ~ select nextval ('hibernate_sequence')
14:50:52,259 DEBUG ~ insert into persons (bornDate, contract_level, email, name, number, surname, id) values (?, ?, ?, ?, ?, ?, ?)
14:50:52,261 DEBUG ~ select nextval ('hibernate_sequence')
14:50:52,263 DEBUG ~ insert into persons (bornDate, contract_level, email, name, number, surname, id) values (?, ?, ?, ?, ?, ?, ?)
14:50:52,264 DEBUG ~ select nextval ('hibernate_sequence')
14:50:52,266 DEBUG ~ insert into persons (bornDate, contract_level, email, name, number, surname, id) values (?, ?, ?, ?, ?, ?, ?)
14:50:52,267 DEBUG ~ select nextval ('hibernate_sequence')
14:50:52,269 DEBUG ~ insert into persons (bornDate, contract_level, email, name, number, surname, id) values (?, ?, ?, ?, ?, ?, ?)
14:50:52,270 DEBUG ~ select nextval ('hibernate_sequence')
14:50:52,272 DEBUG ~ insert into persons (bornDate, contract_level, email, name, number, surname, id) values (?, ?, ?, ?, ?, ?, ?)
14:50:52,273 DEBUG ~ select nextval ('hibernate_sequence')
14:50:52,275 DEBUG ~ insert into persons (bornDate, contract_level, email, name, number, surname, id) values (?, ?, ?, ?, ?, ?, ?)
14:50:52,277 DEBUG ~ select nextval ('hibernate_sequence')
14:50:52,279 DEBUG ~ insert into persons (bornDate, contract_level, email, name, number, surname, id) values (?, ?, ?, ?, ?, ?, ?)
14:50:52,280 DEBUG ~ select nextval ('hibernate_sequence')
14:50:52,282 DEBUG ~ insert into persons (bornDate, contract_level, email, name, number, surname, id) values (?, ?, ?, ?, ?, ?, ?)
14:50:52,287 DEBUG ~ select nextval ('hibernate_sequence')
14:50:52,289 DEBUG ~ insert into persons (bornDate, contract_level, email, name, number, surname, id) values (?, ?, ?, ?, ?, ?, ?)
14:50:52,291 DEBUG ~ select nextval ('hibernate_sequence')
14:50:52,293 DEBUG ~ insert into persons (bornDate, contract_level, email, name, number, surname, id) values (?, ?, ?, ?, ?, ?, ?)
14:50:52,294 DEBUG ~ select nextval ('hibernate_sequence')
14:50:52,296 DEBUG ~ insert into persons (bornDate, contract_level, email, name, number, surname, id) values (?, ?, ?, ?, ?, ?, ?)
14:50:52,297 DEBUG ~ select nextval ('hibernate_sequence')
14:50:52,299 DEBUG ~ insert into persons (bornDate, contract_level, email, name, number, surname, id) values (?, ?, ?, ?, ?, ?, ?)
14:50:52,300 DEBUG ~ select nextval ('hibernate_sequence')
14:50:52,302 DEBUG ~ insert into persons (bornDate, contract_level, email, name, number, surname, id) values (?, ?, ?, ?, ?, ?, ?)
14:50:52,303 DEBUG ~ select nextval ('hibernate_sequence')
14:50:52,305 DEBUG ~ insert into persons (bornDate, contract_level, email, name, number, surname, id) values (?, ?, ?, ?, ?, ?, ?)
14:50:52,306 DEBUG ~ select nextval ('hibernate_sequence')
14:50:52,308 DEBUG ~ insert into persons (bornDate, contract_level, email, name, number, surname, id) values (?, ?, ?, ?, ?, ?, ?)
14:50:52,309 DEBUG ~ select nextval ('hibernate_sequence')
14:50:52,311 DEBUG ~ insert into persons (bornDate, contract_level, email, name, number, surname, id) values (?, ?, ?, ?, ?, ?, ?)
14:50:52,312 DEBUG ~ select nextval ('hibernate_sequence')
14:50:52,314 DEBUG ~ insert into persons (bornDate, contract_level, email, name, number, surname, id) values (?, ?, ?, ?, ?, ?, ?)
14:50:52,315 DEBUG ~ select nextval ('hibernate_sequence')
14:50:52,317 DEBUG ~ insert into persons (bornDate, contract_level, email, name, number, surname, id) values (?, ?, ?, ?, ?, ?, ?)
14:50:52,319 DEBUG ~ select nextval ('hibernate_sequence')
14:50:52,321 DEBUG ~ insert into persons (bornDate, contract_level, email, name, number, surname, id) values (?, ?, ?, ?, ?, ?, ?)
14:50:52,322 DEBUG ~ select nextval ('hibernate_sequence')
14:50:52,324 DEBUG ~ insert into persons (bornDate, contract_level, email, name, number, surname, id) values (?, ?, ?, ?, ?, ?, ?)
14:50:52,325 DEBUG ~ select nextval ('hibernate_sequence')
14:50:52,327 DEBUG ~ insert into persons (bornDate, contract_level, email, name, number, surname, id) values (?, ?, ?, ?, ?, ?, ?)
14:50:52,328 DEBUG ~ select nextval ('hibernate_sequence')
14:50:52,330 DEBUG ~ insert into persons (bornDate, contract_level, email, name, number, surname, id) values (?, ?, ?, ?, ?, ?, ?)
14:50:52,331 DEBUG ~ select nextval ('hibernate_sequence')
14:50:52,333 DEBUG ~ insert into persons (bornDate, contract_level, email, name, number, surname, id) values (?, ?, ?, ?, ?, ?, ?)
14:50:52,334 DEBUG ~ select nextval ('hibernate_sequence')
14:50:52,336 DEBUG ~ insert into persons (bornDate, contract_level, email, name, number, surname, id) values (?, ?, ?, ?, ?, ?, ?)
14:50:52,337 DEBUG ~ select nextval ('hibernate_sequence')
14:50:52,339 DEBUG ~ insert into persons (bornDate, contract_level, email, name, number, surname, id) values (?, ?, ?, ?, ?, ?, ?)
14:50:52,340 DEBUG ~ select nextval ('hibernate_sequence')
14:50:52,342 DEBUG ~ insert into persons (bornDate, contract_level, email, name, number, surname, id) values (?, ?, ?, ?, ?, ?, ?)
14:50:52,344 DEBUG ~ select nextval ('hibernate_sequence')
14:50:52,346 DEBUG ~ insert into persons (bornDate, contract_level, email, name, number, surname, id) values (?, ?, ?, ?, ?, ?, ?)
14:50:52,347 DEBUG ~ select nextval ('hibernate_sequence')
14:50:52,349 DEBUG ~ insert into persons (bornDate, contract_level, email, name, number, surname, id) values (?, ?, ?, ?, ?, ?, ?)
14:50:52,350 DEBUG ~ select nextval ('hibernate_sequence')
14:50:52,352 DEBUG ~ insert into persons (bornDate, contract_level, email, name, number, surname, id) values (?, ?, ?, ?, ?, ?, ?)
14:50:52,353 DEBUG ~ select nextval ('hibernate_sequence')
14:50:52,355 DEBUG ~ insert into persons (bornDate, contract_level, email, name, number, surname, id) values (?, ?, ?, ?, ?, ?, ?)
14:50:52,356 DEBUG ~ select nextval ('hibernate_sequence')
14:50:52,358 DEBUG ~ insert into persons (bornDate, contract_level, email, name, number, surname, id) values (?, ?, ?, ?, ?, ?, ?)
14:50:52,359 DEBUG ~ select nextval ('hibernate_sequence')
14:50:52,361 DEBUG ~ insert into persons (bornDate, contract_level, email, name, number, surname, id) values (?, ?, ?, ?, ?, ?, ?)
14:50:52,362 DEBUG ~ select nextval ('hibernate_sequence')
14:50:52,365 DEBUG ~ insert into persons (bornDate, contract_level, email, name, number, surname, id) values (?, ?, ?, ?, ?, ?, ?)
14:50:52,366 DEBUG ~ select nextval ('hibernate_sequence')
14:50:52,368 DEBUG ~ insert into persons (bornDate, contract_level, email, name, number, surname, id) values (?, ?, ?, ?, ?, ?, ?)
14:50:52,369 DEBUG ~ select nextval ('hibernate_sequence')
14:50:52,371 DEBUG ~ insert into persons (bornDate, contract_level, email, name, number, surname, id) values (?, ?, ?, ?, ?, ?, ?)
14:50:52,372 DEBUG ~ select nextval ('hibernate_sequence')
14:50:52,374 DEBUG ~ insert into persons (bornDate, contract_level, email, name, number, surname, id) values (?, ?, ?, ?, ?, ?, ?)
14:50:52,375 DEBUG ~ select nextval ('hibernate_sequence')
14:50:52,378 DEBUG ~ insert into persons (bornDate, contract_level, email, name, number, surname, id) values (?, ?, ?, ?, ?, ?, ?)
14:50:52,379 DEBUG ~ select nextval ('hibernate_sequence')
14:50:52,381 DEBUG ~ insert into persons (bornDate, contract_level, email, name, number, surname, id) values (?, ?, ?, ?, ?, ?, ?)
14:50:52,382 DEBUG ~ select nextval ('hibernate_sequence')
14:50:52,384 DEBUG ~ insert into persons (bornDate, contract_level, email, name, number, surname, id) values (?, ?, ?, ?, ?, ?, ?)
14:50:52,385 DEBUG ~ select nextval ('hibernate_sequence')
14:50:52,388 DEBUG ~ insert into persons (bornDate, contract_level, email, name, number, surname, id) values (?, ?, ?, ?, ?, ?, ?)
14:50:52,389 DEBUG ~ select nextval ('hibernate_sequence')
14:50:52,391 DEBUG ~ insert into persons (bornDate, contract_level, email, name, number, surname, id) values (?, ?, ?, ?, ?, ?, ?)
14:50:52,392 DEBUG ~ select nextval ('hibernate_sequence')
14:50:52,394 DEBUG ~ insert into persons (bornDate, contract_level, email, name, number, surname, id) values (?, ?, ?, ?, ?, ?, ?)
14:50:52,395 DEBUG ~ select nextval ('hibernate_sequence')
14:50:52,398 DEBUG ~ insert into persons (bornDate, contract_level, email, name, number, surname, id) values (?, ?, ?, ?, ?, ?, ?)
14:50:52,399 DEBUG ~ select nextval ('hibernate_sequence')
14:50:52,401 DEBUG ~ insert into persons (bornDate, contract_level, email, name, number, surname, id) values (?, ?, ?, ?, ?, ?, ?)
14:50:52,403 DEBUG ~ select nextval ('hibernate_sequence')
14:50:52,405 DEBUG ~ insert into persons (bornDate, contract_level, email, name, number, surname, id) values (?, ?, ?, ?, ?, ?, ?)
14:50:52,406 DEBUG ~ select nextval ('hibernate_sequence')
14:50:52,408 DEBUG ~ insert into persons (bornDate, contract_level, email, name, number, surname, id) values (?, ?, ?, ?, ?, ?, ?)
14:50:52,409 DEBUG ~ select nextval ('hibernate_sequence')
14:50:52,411 DEBUG ~ insert into persons (bornDate, contract_level, email, name, number, surname, id) values (?, ?, ?, ?, ?, ?, ?)
14:50:52,412 DEBUG ~ select nextval ('hibernate_sequence')
14:50:52,414 DEBUG ~ insert into persons (bornDate, contract_level, email, name, number, surname, id) values (?, ?, ?, ?, ?, ?, ?)
14:50:52,415 DEBUG ~ select nextval ('hibernate_sequence')
14:50:52,418 DEBUG ~ insert into persons (bornDate, contract_level, email, name, number, surname, id) values (?, ?, ?, ?, ?, ?, ?)
14:50:52,419 DEBUG ~ select nextval ('hibernate_sequence')
14:50:52,421 DEBUG ~ insert into persons (bornDate, contract_level, email, name, number, surname, id) values (?, ?, ?, ?, ?, ?, ?)
14:50:52,422 DEBUG ~ select nextval ('hibernate_sequence')
14:50:52,424 DEBUG ~ insert into persons (bornDate, contract_level, email, name, number, surname, id) values (?, ?, ?, ?, ?, ?, ?)
14:50:52,425 DEBUG ~ select nextval ('hibernate_sequence')
14:50:52,428 DEBUG ~ insert into persons (bornDate, contract_level, email, name, number, surname, id) values (?, ?, ?, ?, ?, ?, ?)
14:50:52,429 DEBUG ~ select nextval ('hibernate_sequence')
14:50:52,431 DEBUG ~ insert into persons (bornDate, contract_level, email, name, number, surname, id) values (?, ?, ?, ?, ?, ?, ?)
14:50:52,432 DEBUG ~ select nextval ('hibernate_sequence')
14:50:52,435 DEBUG ~ insert into persons (bornDate, contract_level, email, name, number, surname, id) values (?, ?, ?, ?, ?, ?, ?)
14:50:52,436 DEBUG ~ select nextval ('hibernate_sequence')
14:50:52,438 DEBUG ~ insert into persons (bornDate, contract_level, email, name, number, surname, id) values (?, ?, ?, ?, ?, ?, ?)
14:50:52,439 DEBUG ~ select nextval ('hibernate_sequence')
14:50:52,442 DEBUG ~ insert into persons (bornDate, contract_level, email, name, number, surname, id) values (?, ?, ?, ?, ?, ?, ?)
14:50:52,443 DEBUG ~ select nextval ('hibernate_sequence')
14:50:52,445 DEBUG ~ insert into persons (bornDate, contract_level, email, name, number, surname, id) values (?, ?, ?, ?, ?, ?, ?)
14:50:52,446 DEBUG ~ select nextval ('hibernate_sequence')
14:50:52,449 DEBUG ~ insert into persons (bornDate, contract_level, email, name, number, surname, id) values (?, ?, ?, ?, ?, ?, ?)
14:50:52,450 DEBUG ~ select nextval ('hibernate_sequence')
14:50:52,452 DEBUG ~ insert into persons (bornDate, contract_level, email, name, number, surname, id) values (?, ?, ?, ?, ?, ?, ?)
14:50:52,453 DEBUG ~ select nextval ('hibernate_sequence')
14:50:52,455 DEBUG ~ insert into persons (bornDate, contract_level, email, name, number, surname, id) values (?, ?, ?, ?, ?, ?, ?)
14:50:52,457 DEBUG ~ select nextval ('hibernate_sequence')
14:50:52,459 DEBUG ~ insert into persons (bornDate, contract_level, email, name, number, surname, id) values (?, ?, ?, ?, ?, ?, ?)
14:50:52,460 DEBUG ~ select nextval ('hibernate_sequence')
14:50:52,462 DEBUG ~ insert into persons (bornDate, contract_level, email, name, number, surname, id) values (?, ?, ?, ?, ?, ?, ?)
14:50:52,466 DEBUG ~ select nextval ('hibernate_sequence')
14:50:52,469 DEBUG ~ insert into persons (bornDate, contract_level, email, name, number, surname, id) values (?, ?, ?, ?, ?, ?, ?)
14:50:52,470 DEBUG ~ select nextval ('hibernate_sequence')
14:50:52,472 DEBUG ~ insert into persons (bornDate, contract_level, email, name, number, surname, id) values (?, ?, ?, ?, ?, ?, ?)
14:50:52,473 DEBUG ~ select nextval ('hibernate_sequence')
14:50:52,476 DEBUG ~ insert into persons (bornDate, contract_level, email, name, number, surname, id) values (?, ?, ?, ?, ?, ?, ?)
14:50:52,477 DEBUG ~ select nextval ('hibernate_sequence')
14:50:52,479 DEBUG ~ insert into persons (bornDate, contract_level, email, name, number, surname, id) values (?, ?, ?, ?, ?, ?, ?)
14:50:52,480 DEBUG ~ select nextval ('hibernate_sequence')
14:50:52,483 DEBUG ~ insert into persons (bornDate, contract_level, email, name, number, surname, id) values (?, ?, ?, ?, ?, ?, ?)
14:50:52,484 DEBUG ~ select nextval ('hibernate_sequence')
14:50:52,487 DEBUG ~ insert into persons (bornDate, contract_level, email, name, number, surname, id) values (?, ?, ?, ?, ?, ?, ?)
14:50:52,488 DEBUG ~ select nextval ('hibernate_sequence')
14:50:52,490 DEBUG ~ insert into persons (bornDate, contract_level, email, name, number, surname, id) values (?, ?, ?, ?, ?, ?, ?)
14:50:52,492 DEBUG ~ select nextval ('hibernate_sequence')
14:50:52,494 DEBUG ~ insert into persons (bornDate, contract_level, email, name, number, surname, id) values (?, ?, ?, ?, ?, ?, ?)
14:50:52,495 DEBUG ~ select nextval ('hibernate_sequence')
14:50:52,497 DEBUG ~ insert into persons (bornDate, contract_level, email, name, number, surname, id) values (?, ?, ?, ?, ?, ?, ?)
14:50:52,498 DEBUG ~ select nextval ('hibernate_sequence')
14:50:52,501 DEBUG ~ insert into persons (bornDate, contract_level, email, name, number, surname, id) values (?, ?, ?, ?, ?, ?, ?)
14:50:52,502 DEBUG ~ select nextval ('hibernate_sequence')
14:50:52,505 DEBUG ~ insert into persons (bornDate, contract_level, email, name, number, surname, id) values (?, ?, ?, ?, ?, ?, ?)
14:50:52,506 DEBUG ~ select nextval ('hibernate_sequence')
14:50:52,508 DEBUG ~ insert into persons (bornDate, contract_level, email, name, number, surname, id) values (?, ?, ?, ?, ?, ?, ?)
14:50:52,509 DEBUG ~ select nextval ('hibernate_sequence')
14:50:52,512 DEBUG ~ insert into persons (bornDate, contract_level, email, name, number, surname, id) values (?, ?, ?, ?, ?, ?, ?)
14:50:52,513 DEBUG ~ select nextval ('hibernate_sequence')
14:50:52,515 DEBUG ~ insert into persons (bornDate, contract_level, email, name, number, surname, id) values (?, ?, ?, ?, ?, ?, ?)
14:50:52,516 DEBUG ~ select nextval ('hibernate_sequence')
14:50:52,519 DEBUG ~ insert into persons (bornDate, contract_level, email, name, number, surname, id) values (?, ?, ?, ?, ?, ?, ?)
14:50:52,520 DEBUG ~ select nextval ('hibernate_sequence')
14:50:52,523 DEBUG ~ insert into persons (bornDate, contract_level, email, name, number, surname, id) values (?, ?, ?, ?, ?, ?, ?)
14:50:52,524 DEBUG ~ select nextval ('hibernate_sequence')
14:50:52,527 DEBUG ~ insert into persons (bornDate, contract_level, email, name, number, surname, id) values (?, ?, ?, ?, ?, ?, ?)
14:50:52,528 DEBUG ~ select nextval ('hibernate_sequence')
14:50:52,531 DEBUG ~ insert into persons (bornDate, contract_level, email, name, number, surname, id) values (?, ?, ?, ?, ?, ?, ?)
14:50:52,532 DEBUG ~ select nextval ('hibernate_sequence')
14:50:52,535 DEBUG ~ insert into persons (bornDate, contract_level, email, name, number, surname, id) values (?, ?, ?, ?, ?, ?, ?)
14:50:52,536 DEBUG ~ select nextval ('hibernate_sequence')
14:50:52,538 DEBUG ~ insert into persons (bornDate, contract_level, email, name, number, surname, id) values (?, ?, ?, ?, ?, ?, ?)
14:50:52,539 DEBUG ~ select nextval ('hibernate_sequence')
14:50:52,543 DEBUG ~ insert into persons (bornDate, contract_level, email, name, number, surname, id) values (?, ?, ?, ?, ?, ?, ?)
14:50:52,544 DEBUG ~ select nextval ('hibernate_sequence')
14:50:52,547 DEBUG ~ insert into persons (bornDate, contract_level, email, name, number, surname, id) values (?, ?, ?, ?, ?, ?, ?)
14:50:52,548 DEBUG ~ select nextval ('hibernate_sequence')
14:50:52,551 DEBUG ~ insert into persons (bornDate, contract_level, email, name, number, surname, id) values (?, ?, ?, ?, ?, ?, ?)
14:50:52,552 DEBUG ~ select nextval ('hibernate_sequence')
14:50:52,555 DEBUG ~ insert into persons (bornDate, contract_level, email, name, number, surname, id) values (?, ?, ?, ?, ?, ?, ?)
14:50:52,556 DEBUG ~ select nextval ('hibernate_sequence')
14:50:52,558 DEBUG ~ insert into persons (bornDate, contract_level, email, name, number, surname, id) values (?, ?, ?, ?, ?, ?, ?)
14:50:52,559 DEBUG ~ select nextval ('hibernate_sequence')
14:50:52,562 DEBUG ~ insert into persons (bornDate, contract_level, email, name, number, surname, id) values (?, ?, ?, ?, ?, ?, ?)
14:50:52,563 DEBUG ~ select nextval ('hibernate_sequence')
14:50:52,566 DEBUG ~ insert into persons (bornDate, contract_level, email, name, number, surname, id) values (?, ?, ?, ?, ?, ?, ?)
14:50:52,567 DEBUG ~ select nextval ('hibernate_sequence')
14:50:52,570 DEBUG ~ insert into persons (bornDate, contract_level, email, name, number, surname, id) values (?, ?, ?, ?, ?, ?, ?)
14:50:52,572 DEBUG ~ select nextval ('hibernate_sequence')
14:50:52,574 DEBUG ~ insert into persons (bornDate, contract_level, email, name, number, surname, id) values (?, ?, ?, ?, ?, ?, ?)
14:50:52,575 DEBUG ~ select nextval ('hibernate_sequence')
14:50:52,578 DEBUG ~ insert into persons (bornDate, contract_level, email, name, number, surname, id) values (?, ?, ?, ?, ?, ?, ?)
14:50:52,579 DEBUG ~ select nextval ('hibernate_sequence')
14:50:52,582 DEBUG ~ insert into persons (bornDate, contract_level, email, name, number, surname, id) values (?, ?, ?, ?, ?, ?, ?)
14:50:52,583 DEBUG ~ select nextval ('hibernate_sequence')
14:50:52,585 DEBUG ~ insert into persons (bornDate, contract_level, email, name, number, surname, id) values (?, ?, ?, ?, ?, ?, ?)
14:50:52,586 DEBUG ~ select nextval ('hibernate_sequence')
14:50:52,589 DEBUG ~ insert into persons (bornDate, contract_level, email, name, number, surname, id) values (?, ?, ?, ?, ?, ?, ?)
14:50:52,590 DEBUG ~ select nextval ('hibernate_sequence')
14:50:52,593 DEBUG ~ insert into persons (bornDate, contract_level, email, name, number, surname, id) values (?, ?, ?, ?, ?, ?, ?)
14:50:52,594 DEBUG ~ select nextval ('hibernate_sequence')
14:50:52,596 DEBUG ~ insert into persons (bornDate, contract_level, email, name, number, surname, id) values (?, ?, ?, ?, ?, ?, ?)
14:50:52,597 DEBUG ~ select nextval ('hibernate_sequence')
14:50:52,600 DEBUG ~ insert into persons (bornDate, contract_level, email, name, number, surname, id) values (?, ?, ?, ?, ?, ?, ?)
14:50:52,601 DEBUG ~ select nextval ('hibernate_sequence')
14:50:52,604 DEBUG ~ insert into persons (bornDate, contract_level, email, name, number, surname, id) values (?, ?, ?, ?, ?, ?, ?)
14:50:52,605 DEBUG ~ select nextval ('hibernate_sequence')
14:50:52,608 DEBUG ~ insert into persons (bornDate, contract_level, email, name, number, surname, id) values (?, ?, ?, ?, ?, ?, ?)
14:50:52,609 DEBUG ~ select nextval ('hibernate_sequence')
14:50:52,612 DEBUG ~ insert into persons (bornDate, contract_level, email, name, number, surname, id) values (?, ?, ?, ?, ?, ?, ?)
14:50:52,613 DEBUG ~ select nextval ('hibernate_sequence')
14:50:52,616 DEBUG ~ insert into persons (bornDate, contract_level, email, name, number, surname, id) values (?, ?, ?, ?, ?, ?, ?)
14:50:52,617 DEBUG ~ select nextval ('hibernate_sequence')
14:50:52,619 DEBUG ~ insert into persons (bornDate, contract_level, email, name, number, surname, id) values (?, ?, ?, ?, ?, ?, ?)
14:50:52,620 DEBUG ~ select nextval ('hibernate_sequence')
14:50:52,623 DEBUG ~ insert into persons (bornDate, contract_level, email, name, number, surname, id) values (?, ?, ?, ?, ?, ?, ?)
14:50:52,624 DEBUG ~ select nextval ('hibernate_sequence')
14:50:52,627 DEBUG ~ insert into persons (bornDate, contract_level, email, name, number, surname, id) values (?, ?, ?, ?, ?, ?, ?)
14:50:52,628 DEBUG ~ select nextval ('hibernate_sequence')
14:50:52,631 DEBUG ~ insert into persons (bornDate, contract_level, email, name, number, surname, id) values (?, ?, ?, ?, ?, ?, ?)
14:50:52,632 DEBUG ~ select nextval ('hibernate_sequence')
14:50:52,634 DEBUG ~ insert into persons (bornDate, contract_level, email, name, number, surname, id) values (?, ?, ?, ?, ?, ?, ?)
14:50:52,635 DEBUG ~ select nextval ('hibernate_sequence')
14:50:52,638 DEBUG ~ insert into persons (bornDate, contract_level, email, name, number, surname, id) values (?, ?, ?, ?, ?, ?, ?)
14:50:52,639 DEBUG ~ select nextval ('hibernate_sequence')
14:50:52,642 DEBUG ~ insert into persons (bornDate, contract_level, email, name, number, surname, id) values (?, ?, ?, ?, ?, ?, ?)
14:50:52,646 DEBUG ~ select nextval ('hibernate_sequence')
14:50:52,649 DEBUG ~ insert into persons (bornDate, contract_level, email, name, number, surname, id) values (?, ?, ?, ?, ?, ?, ?)
14:50:52,650 DEBUG ~ select nextval ('hibernate_sequence')
14:50:52,654 DEBUG ~ insert into persons (bornDate, contract_level, email, name, number, surname, id) values (?, ?, ?, ?, ?, ?, ?)
14:50:52,655 DEBUG ~ select nextval ('hibernate_sequence')
14:50:52,658 DEBUG ~ insert into persons (bornDate, contract_level, email, name, number, surname, id) values (?, ?, ?, ?, ?, ?, ?)
